app/build/outputs/logs/manifest-merger-debug-report.txt
-- Merging decision tree log ---
manifest
ADDED from AndroidManifest.xml:2:1
	xmlns:android
		ADDED from AndroidManifest.xml:2:11
	package
		ADDED from AndroidManifest.xml:3:5
		INJECTED from AndroidManifest.xml:0:0
		INJECTED from AndroidManifest.xml:0:0
	android:versionName
		ADDED from AndroidManifest.xml:5:5
	android:versionCode
		ADDED from AndroidManifest.xml:4:5
		INJECTED from AndroidManifest.xml:0:0
		INJECTED from AndroidManifest.xml:0:0
uses-sdk
ADDED from AndroidManifest.xml:7:5
	android:targetSdkVersion
		INJECTED from AndroidManifest.xml:0:0
		INJECTED from AndroidManifest.xml:0:0
	android:minSdkVersion
		ADDED from AndroidManifest.xml:8:9
		INJECTED from AndroidManifest.xml:0:0
		INJECTED from AndroidManifest.xml:0:0
uses-permission#android.permission.INTERNET
ADDED from AndroidManifest.xml:10:5
	android:name
		ADDED from AndroidManifest.xml:10:22
uses-permission#android.permission.CAMERA
ADDED from AndroidManifest.xml:11:5
	android:name
		ADDED from AndroidManifest.xml:11:22
application
ADDED from AndroidManifest.xml:14:5
	android:label
		ADDED from AndroidManifest.xml:16:9
	android:icon
		ADDED from AndroidManifest.xml:15:9
activity#com.androidexample.webview.ShowWebView
ADDED from AndroidManifest.xml:18:9
	android:label
		ADDED from AndroidManifest.xml:19:13
	android:theme
		ADDED from AndroidManifest.xml:21:13
	android:name
		ADDED from AndroidManifest.xml:20:13
intent-filter#android.intent.action.MAIN+android.intent.category.LAUNCHER
ADDED from AndroidManifest.xml:22:13
action#android.intent.action.MAIN
ADDED from AndroidManifest.xml:23:17
	android:name
		ADDED from AndroidManifest.xml:23:25
category#android.intent.category.LAUNCHER
ADDED from AndroidManifest.xml:24:17
	android:name
		ADDED from AndroidManifest.xml:24:27
activity#com.google.zxing.client.android.CaptureActivity
ADDED from AndroidManifest.xml:28:9
	android:windowSoftInputMode
		ADDED from AndroidManifest.xml:32:13
	android:screenOrientation
		ADDED from AndroidManifest.xml:29:13
	android:configChanges
		ADDED from AndroidManifest.xml:30:13
	android:theme
		ADDED from AndroidManifest.xml:31:13
	android:name
		ADDED from AndroidManifest.xml:28:19
intent-filter#android.intent.category.DEFAULT+com.google.zxing.client.android.SCAN
ADDED from AndroidManifest.xml:34:13
action#com.google.zxing.client.android.SCAN
ADDED from AndroidManifest.xml:35:17
	android:name
		ADDED from AndroidManifest.xml:35:25
category#android.intent.category.DEFAULT
ADDED from AndroidManifest.xml:36:17
	android:name
		ADDED from AndroidManifest.xml:36:27